  [1m[35m (1.9ms)[0m  [1m[35mCREATE TABLE "schema_migrations" ("version" varchar NOT NULL PRIMARY KEY)[0m
  [1m[35m (0.8ms)[0m  [1m[35mCREATE TABLE "ar_internal_metadata" ("key" varchar NOT NULL PRIMARY KEY, "value" varchar, "created_at" datetime NOT NULL, "updated_at" datetime NOT NULL)[0m
  [1m[36mActiveRecord::SchemaMigration Load (0.1ms)[0m  [1m[34mSELECT "schema_migrations".* FROM "schema_migrations"[0m
Migrating to CreateAnimals (20170326231408)
  [1m[35m (0.1ms)[0m  [1m[36mbegin transaction[0m
  [1m[35m (0.3ms)[0m  [1m[35mCREATE TABLE "animals" ("id" INTEGER PRIMARY KEY AUTOINCREMENT NOT NULL, "name" varchar, "species" varchar, "age" integer, "image" varchar, "created_at" datetime NOT NULL, "updated_at" datetime NOT NULL)[0m
  [1m[35mSQL (0.2ms)[0m  [1m[32mINSERT INTO "schema_migrations" ("version") VALUES (?)[0m  [["version", "20170326231408"]]
  [1m[35m (0.6ms)[0m  [1m[36mcommit transaction[0m
  [1m[36mActiveRecord::InternalMetadata Load (0.2ms)[0m  [1m[34mSELECT  "ar_internal_metadata".* FROM "ar_internal_metadata" WHERE "ar_internal_metadata"."key" = ? LIMIT ?[0m  [["key", :environment], ["LIMIT", 1]]
  [1m[35m (0.1ms)[0m  [1m[36mbegin transaction[0m
  [1m[35mSQL (0.3ms)[0m  [1m[32mINSERT INTO "ar_internal_metadata" ("key", "value", "created_at", "updated_at") VALUES (?, ?, ?, ?)[0m  [["key", "environment"], ["value", "development"], ["created_at", 2017-03-26 23:15:36 UTC], ["updated_at", 2017-03-26 23:15:36 UTC]]
  [1m[35m (0.8ms)[0m  [1m[36mcommit transaction[0m
  [1m[36mActiveRecord::SchemaMigration Load (0.1ms)[0m  [1m[34mSELECT "schema_migrations".* FROM "schema_migrations"[0m
  [1m[35m (0.2ms)[0m  [1m[34mSELECT "schema_migrations"."version" FROM "schema_migrations"[0m
  [1m[35m (0.3ms)[0m  [1m[36mbegin transaction[0m
  [1m[35mSQL (0.4ms)[0m  [1m[32mINSERT INTO "animals" ("name", "species", "age", "image", "created_at", "updated_at") VALUES (?, ?, ?, ?, ?, ?)[0m  [["name", "Nilpferd"], ["species", "hippopotamus"], ["age", 15], ["image", "http://globe-views.com/dcim/dreams/hippopotamus/hippopotamus-02.jpg"], ["created_at", 2017-03-26 23:21:12 UTC], ["updated_at", 2017-03-26 23:21:12 UTC]]
  [1m[35m (8.5ms)[0m  [1m[36mcommit transaction[0m
  [1m[35m (0.1ms)[0m  [1m[34mSELECT "schema_migrations"."version" FROM "schema_migrations"[0m
  [1m[36mActiveRecord::SchemaMigration Load (0.1ms)[0m  [1m[34mSELECT "schema_migrations".* FROM "schema_migrations"[0m
Migrating to AddScientificName (20170326232305)
  [1m[35m (0.0ms)[0m  [1m[36mbegin transaction[0m
  [1m[35m (0.3ms)[0m  [1m[35mALTER TABLE "animals" ADD "sci_name" varchar[0m
  [1m[35mSQL (0.2ms)[0m  [1m[32mINSERT INTO "schema_migrations" ("version") VALUES (?)[0m  [["version", "20170326232305"]]
  [1m[35m (7.7ms)[0m  [1m[36mcommit transaction[0m
  [1m[36mActiveRecord::InternalMetadata Load (0.2ms)[0m  [1m[34mSELECT  "ar_internal_metadata".* FROM "ar_internal_metadata" WHERE "ar_internal_metadata"."key" = ? LIMIT ?[0m  [["key", :environment], ["LIMIT", 1]]
  [1m[35m (0.1ms)[0m  [1m[36mbegin transaction[0m
  [1m[35m (0.1ms)[0m  [1m[36mcommit transaction[0m
  [1m[36mActiveRecord::SchemaMigration Load (0.1ms)[0m  [1m[34mSELECT "schema_migrations".* FROM "schema_migrations"[0m
  [1m[35m (0.1ms)[0m  [1m[34mSELECT "schema_migrations"."version" FROM "schema_migrations"[0m
  [1m[36mAnimal Load (0.2ms)[0m  [1m[34mSELECT  "animals".* FROM "animals" WHERE "animals"."id" = ? LIMIT ?[0m  [["id", 1], ["LIMIT", 1]]
  [1m[36mAnimal Load (0.3ms)[0m  [1m[34mSELECT "animals".* FROM "animals" WHERE "animals"."name" = ?[0m  [["name", "hippopotamus"]]
  [1m[36mAnimal Load (0.2ms)[0m  [1m[34mSELECT "animals".* FROM "animals" WHERE "animals"."species" = ?[0m  [["species", "hippopotamus"]]
  [1m[36mAnimal Load (0.1ms)[0m  [1m[34mSELECT  "animals".* FROM "animals" WHERE "animals"."id" = ? LIMIT ?[0m  [["id", 1], ["LIMIT", 1]]
  [1m[35m (0.1ms)[0m  [1m[36mbegin transaction[0m
  [1m[35mSQL (0.4ms)[0m  [1m[33mUPDATE "animals" SET "updated_at" = ?, "sci_name" = ? WHERE "animals"."id" = ?[0m  [["updated_at", 2017-03-26 23:30:18 UTC], ["sci_name", "Hippopotamus amphibius"], ["id", 1]]
  [1m[35m (7.7ms)[0m  [1m[36mcommit transaction[0m
  [1m[35m (0.1ms)[0m  [1m[36mbegin transaction[0m
  [1m[35mSQL (0.4ms)[0m  [1m[32mINSERT INTO "animals" ("name", "species", "age", "image", "created_at", "updated_at", "sci_name") VALUES (?, ?, ?, ?, ?, ?, ?)[0m  [["name", "Gregorovich"], ["species", "lemur"], ["age", 7], ["image", "http://pixdaus.com/files/items/pics/0/79/300079_68327c5c2299b773337b03d711bf887d_large.jpg"], ["created_at", 2017-03-26 23:36:50 UTC], ["updated_at", 2017-03-26 23:36:50 UTC], ["sci_name", "Lemur catta"]]
  [1m[35m (2.0ms)[0m  [1m[36mcommit transaction[0m
  [1m[36mAnimal Load (0.2ms)[0m  [1m[34mSELECT "animals".* FROM "animals" WHERE "animals"."name" = ?[0m  [["name", "Nilpferd"]]
  [1m[35m (0.1ms)[0m  [1m[36mbegin transaction[0m
  [1m[35mSQL (0.5ms)[0m  [1m[32mINSERT INTO "animals" ("name", "species", "age", "created_at", "updated_at", "sci_name") VALUES (?, ?, ?, ?, ?, ?)[0m  [["name", "Stanley"], ["species", "Komodo dragon"], ["age", 20], ["created_at", 2017-03-26 23:40:42 UTC], ["updated_at", 2017-03-26 23:40:42 UTC], ["sci_name", "Varanus komodoensis"]]
  [1m[35m (8.4ms)[0m  [1m[36mcommit transaction[0m
  [1m[35m (0.1ms)[0m  [1m[36mbegin transaction[0m
  [1m[35mSQL (0.4ms)[0m  [1m[32mINSERT INTO "animals" ("name", "species", "image", "created_at", "updated_at", "sci_name") VALUES (?, ?, ?, ?, ?, ?)[0m  [["name", "Big Guy"], ["species", "sturgeon"], ["image", "http://www.nationalgeographic.com/lewisandclark/images/species/high_131.jpg"], ["created_at", 2017-03-26 23:45:37 UTC], ["updated_at", 2017-03-26 23:45:37 UTC], ["sci_name", "Acipenser transmontanus"]]
  [1m[35m (8.6ms)[0m  [1m[36mcommit transaction[0m
  [1m[36mAnimal Load (0.2ms)[0m  [1m[34mSELECT "animals".* FROM "animals"[0m
  [1m[36mAnimal Load (0.1ms)[0m  [1m[34mSELECT  "animals".* FROM "animals" WHERE "animals"."id" = ? LIMIT ?[0m  [["id", 3], ["LIMIT", 1]]
  [1m[35m (0.1ms)[0m  [1m[36mbegin transaction[0m
  [1m[35mSQL (1.1ms)[0m  [1m[33mUPDATE "animals" SET "image" = ?, "updated_at" = ? WHERE "animals"."id" = ?[0m  [["image", "http://cincinnatizoo.org/blog/animals/komodo-dragon-3/"], ["updated_at", 2017-03-26 23:48:36 UTC], ["id", 3]]
  [1m[35m (0.7ms)[0m  [1m[36mcommit transaction[0m
  [1m[35m (0.1ms)[0m  [1m[36mbegin transaction[0m
  [1m[35mSQL (0.4ms)[0m  [1m[32mINSERT INTO "animals" ("name", "species", "age", "image", "created_at", "updated_at", "sci_name") VALUES (?, ?, ?, ?, ?, ?, ?)[0m  [["name", "Juanita"], ["species", "porcupine"], ["age", 18], ["image", "http://amazon.clikpic.com/uistgr/images/porc_2.jpg"], ["created_at", 2017-03-26 23:56:04 UTC], ["updated_at", 2017-03-26 23:56:04 UTC], ["sci_name", "Erethizon dorsatum"]]
  [1m[35m (8.0ms)[0m  [1m[36mcommit transaction[0m
  [1m[36mAnimal Load (1.1ms)[0m  [1m[34mSELECT "animals".* FROM "animals"[0m
  [1m[36mAnimal Load (0.3ms)[0m  [1m[34mSELECT "animals".* FROM "animals" WHERE "animals"."species" = ?[0m  [["species", "sturgeon"]]
  [1m[36mAnimal Load (0.2ms)[0m  [1m[34mSELECT  "animals".* FROM "animals" WHERE "animals"."id" = ? LIMIT ?[0m  [["id", 4], ["LIMIT", 1]]
  [1m[35m (0.1ms)[0m  [1m[36mbegin transaction[0m
  [1m[35mSQL (0.4ms)[0m  [1m[33mUPDATE "animals" SET "age" = ?, "updated_at" = ? WHERE "animals"."id" = ?[0m  [["age", 99], ["updated_at", 2017-03-27 00:01:52 UTC], ["id", 4]]
  [1m[35m (8.7ms)[0m  [1m[36mcommit transaction[0m
  [1m[36mAnimal Load (0.2ms)[0m  [1m[34mSELECT "animals".* FROM "animals"[0m
Started GET "/animals" for ::1 at 2017-03-26 17:14:38 -0700
  [1m[36mActiveRecord::SchemaMigration Load (0.1ms)[0m  [1m[34mSELECT "schema_migrations".* FROM "schema_migrations"[0m
Processing by AnimalsController#index as HTML
  Rendering animals/index.html.erb within layouts/application
  [1m[36mAnimal Load (0.2ms)[0m  [1m[34mSELECT "animals".* FROM "animals"[0m
  Rendered animals/index.html.erb within layouts/application (8.9ms)
Completed 200 OK in 628ms (Views: 614.3ms | ActiveRecord: 0.7ms)


Started GET "/animals" for ::1 at 2017-03-26 17:15:49 -0700
Processing by AnimalsController#index as HTML
  Rendering animals/index.html.erb within layouts/application
  [1m[36mAnimal Load (0.3ms)[0m  [1m[34mSELECT "animals".* FROM "animals"[0m
  Rendered animals/index.html.erb within layouts/application (2.2ms)
Completed 200 OK in 37ms (Views: 34.5ms | ActiveRecord: 0.3ms)


Started GET "/animals" for ::1 at 2017-03-26 17:15:59 -0700
Processing by AnimalsController#index as HTML
  Rendering animals/index.html.erb within layouts/application
  [1m[36mAnimal Load (0.1ms)[0m  [1m[34mSELECT "animals".* FROM "animals"[0m
  Rendered animals/index.html.erb within layouts/application (1.2ms)
Completed 200 OK in 25ms (Views: 23.0ms | ActiveRecord: 0.1ms)


Started GET "/animals" for ::1 at 2017-03-26 17:16:28 -0700
Processing by AnimalsController#index as HTML
  Rendering animals/index.html.erb within layouts/application
  [1m[36mAnimal Load (0.1ms)[0m  [1m[34mSELECT "animals".* FROM "animals"[0m
  Rendered animals/index.html.erb within layouts/application (1.2ms)
Completed 200 OK in 18ms (Views: 16.6ms | ActiveRecord: 0.1ms)


  [1m[36mAnimal Load (0.2ms)[0m  [1m[34mSELECT  "animals".* FROM "animals" WHERE "animals"."id" = ? LIMIT ?[0m  [["id", 1], ["LIMIT", 1]]
  [1m[35m (0.1ms)[0m  [1m[36mbegin transaction[0m
  [1m[35mSQL (0.5ms)[0m  [1m[33mUPDATE "animals" SET "image" = ?, "updated_at" = ? WHERE "animals"."id" = ?[0m  [["image", "http://www.krugerpark.co.za/images/1-hippopotamus-gc590a.jpg"], ["updated_at", 2017-03-27 00:18:21 UTC], ["id", 1]]
  [1m[35m (7.7ms)[0m  [1m[36mcommit transaction[0m
  [1m[36mAnimal Load (0.2ms)[0m  [1m[34mSELECT  "animals".* FROM "animals" WHERE "animals"."id" = ? LIMIT ?[0m  [["id", 3], ["LIMIT", 1]]
  [1m[35m (0.1ms)[0m  [1m[36mbegin transaction[0m
  [1m[35mSQL (0.4ms)[0m  [1m[33mUPDATE "animals" SET "image" = ?, "updated_at" = ? WHERE "animals"."id" = ?[0m  [["image", "http://kids.nationalgeographic.com/content/dam/kids/photos/animals/Reptiles/H-P/komodo-dragon-head-on.jpg.adapt.945.1.jpg"], ["updated_at", 2017-03-27 00:19:56 UTC], ["id", 3]]
  [1m[35m (7.7ms)[0m  [1m[36mcommit transaction[0m
Started GET "/animals" for ::1 at 2017-03-26 17:20:30 -0700
Processing by AnimalsController#index as HTML
  Rendering animals/index.html.erb within layouts/application
  [1m[36mAnimal Load (0.1ms)[0m  [1m[34mSELECT "animals".* FROM "animals"[0m
  Rendered animals/index.html.erb within layouts/application (1.1ms)
Completed 200 OK in 20ms (Views: 17.7ms | ActiveRecord: 0.1ms)


Started GET "/animals" for ::1 at 2017-03-26 17:20:52 -0700
Processing by AnimalsController#index as HTML
  Rendering animals/index.html.erb within layouts/application
  [1m[36mAnimal Load (0.2ms)[0m  [1m[34mSELECT "animals".* FROM "animals"[0m
  Rendered animals/index.html.erb within layouts/application (1.5ms)
Completed 200 OK in 26ms (Views: 23.6ms | ActiveRecord: 0.2ms)


Started GET "/animals" for ::1 at 2017-03-26 17:24:37 -0700
  
LoadError (cannot load such file -- /Users/kinkajou43/ada/rails/rails-zoo/rails-zoo/config/routes.rb):
  
activesupport (5.0.2) lib/active_support/dependencies.rb:287:in `load'
activesupport (5.0.2) lib/active_support/dependencies.rb:287:in `block in load'
activesupport (5.0.2) lib/active_support/dependencies.rb:259:in `load_dependency'
activesupport (5.0.2) lib/active_support/dependencies.rb:287:in `load'
railties (5.0.2) lib/rails/application/routes_reloader.rb:40:in `block in load_paths'
railties (5.0.2) lib/rails/application/routes_reloader.rb:40:in `each'
railties (5.0.2) lib/rails/application/routes_reloader.rb:40:in `load_paths'
railties (5.0.2) lib/rails/application/routes_reloader.rb:16:in `reload!'
railties (5.0.2) lib/rails/application/routes_reloader.rb:26:in `block in updater'
activesupport (5.0.2) lib/active_support/file_update_checker.rb:77:in `call'
activesupport (5.0.2) lib/active_support/file_update_checker.rb:77:in `execute'
railties (5.0.2) lib/rails/application/routes_reloader.rb:7:in `execute'
railties (5.0.2) lib/rails/application/finisher.rb:132:in `block (2 levels) in <module:Finisher>'
activesupport (5.0.2) lib/active_support/callbacks.rb:396:in `instance_exec'
activesupport (5.0.2) lib/active_support/callbacks.rb:396:in `block in make_lambda'
activesupport (5.0.2) lib/active_support/callbacks.rb:169:in `call'
activesupport (5.0.2) lib/active_support/callbacks.rb:169:in `block (2 levels) in halting'
activesupport (5.0.2) lib/active_support/callbacks.rb:547:in `call'
activesupport (5.0.2) lib/active_support/callbacks.rb:547:in `block (2 levels) in default_terminator'
activesupport (5.0.2) lib/active_support/callbacks.rb:546:in `catch'
activesupport (5.0.2) lib/active_support/callbacks.rb:546:in `block in default_terminator'
activesupport (5.0.2) lib/active_support/callbacks.rb:170:in `call'
activesupport (5.0.2) lib/active_support/callbacks.rb:170:in `block in halting'
activesupport (5.0.2) lib/active_support/callbacks.rb:454:in `call'
activesupport (5.0.2) lib/active_support/callbacks.rb:454:in `block in call'
activesupport (5.0.2) lib/active_support/callbacks.rb:454:in `each'
activesupport (5.0.2) lib/active_support/callbacks.rb:454:in `call'
activesupport (5.0.2) lib/active_support/callbacks.rb:101:in `__run_callbacks__'
activesupport (5.0.2) lib/active_support/callbacks.rb:750:in `_run_run_callbacks'
activesupport (5.0.2) lib/active_support/callbacks.rb:90:in `run_callbacks'
activesupport (5.0.2) lib/active_support/execution_wrapper.rb:108:in `run!'
activesupport (5.0.2) lib/active_support/reloader.rb:113:in `run!'
activesupport (5.0.2) lib/active_support/execution_wrapper.rb:70:in `block in run!'
activesupport (5.0.2) lib/active_support/execution_wrapper.rb:67:in `tap'
activesupport (5.0.2) lib/active_support/execution_wrapper.rb:67:in `run!'
activesupport (5.0.2) lib/active_support/reloader.rb:59:in `run!'
actionpack (5.0.2) lib/action_dispatch/middleware/executor.rb:10:in `call'
actionpack (5.0.2) lib/action_dispatch/middleware/remote_ip.rb:79:in `call'
actionpack (5.0.2) lib/action_dispatch/middleware/debug_exceptions.rb:49:in `call'
web-console (3.4.0) lib/web_console/middleware.rb:135:in `call_app'
web-console (3.4.0) lib/web_console/middleware.rb:28:in `block in call'
web-console (3.4.0) lib/web_console/middleware.rb:18:in `catch'
web-console (3.4.0) lib/web_console/middleware.rb:18:in `call'
actionpack (5.0.2) lib/action_dispatch/middleware/show_exceptions.rb:31:in `call'
railties (5.0.2) lib/rails/rack/logger.rb:36:in `call_app'
railties (5.0.2) lib/rails/rack/logger.rb:24:in `block in call'
activesupport (5.0.2) lib/active_support/tagged_logging.rb:69:in `block in tagged'
activesupport (5.0.2) lib/active_support/tagged_logging.rb:26:in `tagged'
activesupport (5.0.2) lib/active_support/tagged_logging.rb:69:in `tagged'
railties (5.0.2) lib/rails/rack/logger.rb:24:in `call'
sprockets-rails (3.2.0) lib/sprockets/rails/quiet_assets.rb:13:in `call'
actionpack (5.0.2) lib/action_dispatch/middleware/request_id.rb:24:in `call'
rack (2.0.1) lib/rack/method_override.rb:22:in `call'
rack (2.0.1) lib/rack/runtime.rb:22:in `call'
activesupport (5.0.2) lib/active_support/cache/strategy/local_cache_middleware.rb:28:in `call'
actionpack (5.0.2) lib/action_dispatch/middleware/executor.rb:12:in `call'
actionpack (5.0.2) lib/action_dispatch/middleware/static.rb:136:in `call'
rack (2.0.1) lib/rack/sendfile.rb:111:in `call'
railties (5.0.2) lib/rails/engine.rb:522:in `call'
puma (3.8.2) lib/puma/configuration.rb:224:in `call'
puma (3.8.2) lib/puma/server.rb:600:in `handle_request'
puma (3.8.2) lib/puma/server.rb:435:in `process_client'
puma (3.8.2) lib/puma/server.rb:299:in `block in run'
puma (3.8.2) lib/puma/thread_pool.rb:120:in `call'
puma (3.8.2) lib/puma/thread_pool.rb:120:in `block in spawn_thread'
  Rendering /Users/kinkajou43/.rvm/gems/ruby-2.2.4/gems/actionpack-5.0.2/lib/action_dispatch/middleware/templates/rescues/diagnostics.html.erb within rescues/layout
  Rendering /Users/kinkajou43/.rvm/gems/ruby-2.2.4/gems/actionpack-5.0.2/lib/action_dispatch/middleware/templates/rescues/_source.html.erb
  Rendered /Users/kinkajou43/.rvm/gems/ruby-2.2.4/gems/actionpack-5.0.2/lib/action_dispatch/middleware/templates/rescues/_source.html.erb (3.5ms)
  Rendering /Users/kinkajou43/.rvm/gems/ruby-2.2.4/gems/actionpack-5.0.2/lib/action_dispatch/middleware/templates/rescues/_trace.html.erb
  Rendered /Users/kinkajou43/.rvm/gems/ruby-2.2.4/gems/actionpack-5.0.2/lib/action_dispatch/middleware/templates/rescues/_trace.html.erb (1.7ms)
  Rendering /Users/kinkajou43/.rvm/gems/ruby-2.2.4/gems/actionpack-5.0.2/lib/action_dispatch/middleware/templates/rescues/_request_and_response.html.erb
  Rendered /Users/kinkajou43/.rvm/gems/ruby-2.2.4/gems/actionpack-5.0.2/lib/action_dispatch/middleware/templates/rescues/_request_and_response.html.erb (0.8ms)
  Rendered /Users/kinkajou43/.rvm/gems/ruby-2.2.4/gems/actionpack-5.0.2/lib/action_dispatch/middleware/templates/rescues/diagnostics.html.erb within rescues/layout (59.4ms)
Started GET "/favicon.ico" for ::1 at 2017-03-26 17:24:37 -0700
  
ActiveRecord::NoDatabaseError (No such file or directory @ dir_s_mkdir - /Users/kinkajou43/ada/rails/rails-zoo/rails-zoo/db):
  
activerecord (5.0.2) lib/active_record/connection_adapters/sqlite3_adapter.rb:37:in `rescue in sqlite3_connection'
activerecord (5.0.2) lib/active_record/connection_adapters/sqlite3_adapter.rb:14:in `sqlite3_connection'
activerecord (5.0.2) lib/active_record/connection_adapters/abstract/connection_pool.rb:729:in `new_connection'
activerecord (5.0.2) lib/active_record/connection_adapters/abstract/connection_pool.rb:773:in `checkout_new_connection'
activerecord (5.0.2) lib/active_record/connection_adapters/abstract/connection_pool.rb:752:in `try_to_checkout_new_connection'
activerecord (5.0.2) lib/active_record/connection_adapters/abstract/connection_pool.rb:713:in `acquire_connection'
activerecord (5.0.2) lib/active_record/connection_adapters/abstract/connection_pool.rb:490:in `checkout'
activerecord (5.0.2) lib/active_record/connection_adapters/abstract/connection_pool.rb:364:in `connection'
activerecord (5.0.2) lib/active_record/connection_adapters/abstract/connection_pool.rb:883:in `retrieve_connection'
activerecord (5.0.2) lib/active_record/connection_handling.rb:128:in `retrieve_connection'
activerecord (5.0.2) lib/active_record/connection_handling.rb:91:in `connection'
activerecord (5.0.2) lib/active_record/migration.rb:559:in `connection'
activerecord (5.0.2) lib/active_record/migration.rb:546:in `call'
actionpack (5.0.2) lib/action_dispatch/middleware/callbacks.rb:38:in `block in call'
activesupport (5.0.2) lib/active_support/callbacks.rb:97:in `__run_callbacks__'
activesupport (5.0.2) lib/active_support/callbacks.rb:750:in `_run_call_callbacks'
activesupport (5.0.2) lib/active_support/callbacks.rb:90:in `run_callbacks'
actionpack (5.0.2) lib/action_dispatch/middleware/callbacks.rb:36:in `call'
actionpack (5.0.2) lib/action_dispatch/middleware/executor.rb:12:in `call'
actionpack (5.0.2) lib/action_dispatch/middleware/remote_ip.rb:79:in `call'
actionpack (5.0.2) lib/action_dispatch/middleware/debug_exceptions.rb:49:in `call'
web-console (3.4.0) lib/web_console/middleware.rb:135:in `call_app'
web-console (3.4.0) lib/web_console/middleware.rb:28:in `block in call'
web-console (3.4.0) lib/web_console/middleware.rb:18:in `catch'
web-console (3.4.0) lib/web_console/middleware.rb:18:in `call'
actionpack (5.0.2) lib/action_dispatch/middleware/show_exceptions.rb:31:in `call'
railties (5.0.2) lib/rails/rack/logger.rb:36:in `call_app'
railties (5.0.2) lib/rails/rack/logger.rb:24:in `block in call'
activesupport (5.0.2) lib/active_support/tagged_logging.rb:69:in `block in tagged'
activesupport (5.0.2) lib/active_support/tagged_logging.rb:26:in `tagged'
activesupport (5.0.2) lib/active_support/tagged_logging.rb:69:in `tagged'
railties (5.0.2) lib/rails/rack/logger.rb:24:in `call'
sprockets-rails (3.2.0) lib/sprockets/rails/quiet_assets.rb:13:in `call'
actionpack (5.0.2) lib/action_dispatch/middleware/request_id.rb:24:in `call'
rack (2.0.1) lib/rack/method_override.rb:22:in `call'
rack (2.0.1) lib/rack/runtime.rb:22:in `call'
activesupport (5.0.2) lib/active_support/cache/strategy/local_cache_middleware.rb:28:in `call'
actionpack (5.0.2) lib/action_dispatch/middleware/executor.rb:12:in `call'
actionpack (5.0.2) lib/action_dispatch/middleware/static.rb:136:in `call'
rack (2.0.1) lib/rack/sendfile.rb:111:in `call'
railties (5.0.2) lib/rails/engine.rb:522:in `call'
puma (3.8.2) lib/puma/configuration.rb:224:in `call'
puma (3.8.2) lib/puma/server.rb:600:in `handle_request'
puma (3.8.2) lib/puma/server.rb:435:in `process_client'
puma (3.8.2) lib/puma/server.rb:299:in `block in run'
puma (3.8.2) lib/puma/thread_pool.rb:120:in `call'
puma (3.8.2) lib/puma/thread_pool.rb:120:in `block in spawn_thread'
  Rendering /Users/kinkajou43/.rvm/gems/ruby-2.2.4/gems/actionpack-5.0.2/lib/action_dispatch/middleware/templates/rescues/diagnostics.html.erb within rescues/layout
  Rendering /Users/kinkajou43/.rvm/gems/ruby-2.2.4/gems/actionpack-5.0.2/lib/action_dispatch/middleware/templates/rescues/_source.html.erb
  Rendered /Users/kinkajou43/.rvm/gems/ruby-2.2.4/gems/actionpack-5.0.2/lib/action_dispatch/middleware/templates/rescues/_source.html.erb (3.1ms)
  Rendering /Users/kinkajou43/.rvm/gems/ruby-2.2.4/gems/actionpack-5.0.2/lib/action_dispatch/middleware/templates/rescues/_trace.html.erb
  Rendered /Users/kinkajou43/.rvm/gems/ruby-2.2.4/gems/actionpack-5.0.2/lib/action_dispatch/middleware/templates/rescues/_trace.html.erb (2.2ms)
  Rendering /Users/kinkajou43/.rvm/gems/ruby-2.2.4/gems/actionpack-5.0.2/lib/action_dispatch/middleware/templates/rescues/_request_and_response.html.erb
  Rendered /Users/kinkajou43/.rvm/gems/ruby-2.2.4/gems/actionpack-5.0.2/lib/action_dispatch/middleware/templates/rescues/_request_and_response.html.erb (1.0ms)
  Rendered /Users/kinkajou43/.rvm/gems/ruby-2.2.4/gems/actionpack-5.0.2/lib/action_dispatch/middleware/templates/rescues/diagnostics.html.erb within rescues/layout (54.5ms)
Started GET "/tasks" for ::1 at 2017-03-26 17:25:34 -0700
  [1m[36mActiveRecord::SchemaMigration Load (0.2ms)[0m  [1m[34mSELECT "schema_migrations".* FROM "schema_migrations"[0m
  
ActionController::RoutingError (No route matches [GET] "/tasks"):
  
actionpack (5.0.2) lib/action_dispatch/middleware/debug_exceptions.rb:53:in `call'
web-console (3.4.0) lib/web_console/middleware.rb:135:in `call_app'
web-console (3.4.0) lib/web_console/middleware.rb:28:in `block in call'
web-console (3.4.0) lib/web_console/middleware.rb:18:in `catch'
web-console (3.4.0) lib/web_console/middleware.rb:18:in `call'
actionpack (5.0.2) lib/action_dispatch/middleware/show_exceptions.rb:31:in `call'
railties (5.0.2) lib/rails/rack/logger.rb:36:in `call_app'
railties (5.0.2) lib/rails/rack/logger.rb:24:in `block in call'
activesupport (5.0.2) lib/active_support/tagged_logging.rb:69:in `block in tagged'
activesupport (5.0.2) lib/active_support/tagged_logging.rb:26:in `tagged'
activesupport (5.0.2) lib/active_support/tagged_logging.rb:69:in `tagged'
railties (5.0.2) lib/rails/rack/logger.rb:24:in `call'
sprockets-rails (3.2.0) lib/sprockets/rails/quiet_assets.rb:13:in `call'
actionpack (5.0.2) lib/action_dispatch/middleware/request_id.rb:24:in `call'
rack (2.0.1) lib/rack/method_override.rb:22:in `call'
rack (2.0.1) lib/rack/runtime.rb:22:in `call'
activesupport (5.0.2) lib/active_support/cache/strategy/local_cache_middleware.rb:28:in `call'
actionpack (5.0.2) lib/action_dispatch/middleware/executor.rb:12:in `call'
actionpack (5.0.2) lib/action_dispatch/middleware/static.rb:136:in `call'
rack (2.0.1) lib/rack/sendfile.rb:111:in `call'
railties (5.0.2) lib/rails/engine.rb:522:in `call'
puma (3.8.2) lib/puma/configuration.rb:224:in `call'
puma (3.8.2) lib/puma/server.rb:600:in `handle_request'
puma (3.8.2) lib/puma/server.rb:435:in `process_client'
puma (3.8.2) lib/puma/server.rb:299:in `block in run'
puma (3.8.2) lib/puma/thread_pool.rb:120:in `call'
puma (3.8.2) lib/puma/thread_pool.rb:120:in `block in spawn_thread'
  Rendering /Users/kinkajou43/.rvm/gems/ruby-2.2.4/gems/actionpack-5.0.2/lib/action_dispatch/middleware/templates/rescues/routing_error.html.erb within rescues/layout
  Rendering /Users/kinkajou43/.rvm/gems/ruby-2.2.4/gems/actionpack-5.0.2/lib/action_dispatch/middleware/templates/rescues/_trace.html.erb
  Rendered /Users/kinkajou43/.rvm/gems/ruby-2.2.4/gems/actionpack-5.0.2/lib/action_dispatch/middleware/templates/rescues/_trace.html.erb (1.3ms)
  Rendered collection of /Users/kinkajou43/.rvm/gems/ruby-2.2.4/gems/actionpack-5.0.2/lib/action_dispatch/middleware/templates/routes/_route.html.erb [1 times] (11.3ms)
  Rendered /Users/kinkajou43/.rvm/gems/ruby-2.2.4/gems/actionpack-5.0.2/lib/action_dispatch/middleware/templates/routes/_table.html.erb (8.7ms)
  Rendering /Users/kinkajou43/.rvm/gems/ruby-2.2.4/gems/actionpack-5.0.2/lib/action_dispatch/middleware/templates/rescues/_request_and_response.html.erb
  Rendered /Users/kinkajou43/.rvm/gems/ruby-2.2.4/gems/actionpack-5.0.2/lib/action_dispatch/middleware/templates/rescues/_request_and_response.html.erb (10.8ms)
  Rendered /Users/kinkajou43/.rvm/gems/ruby-2.2.4/gems/actionpack-5.0.2/lib/action_dispatch/middleware/templates/rescues/routing_error.html.erb within rescues/layout (118.9ms)
Started GET "/animals" for ::1 at 2017-03-26 17:25:37 -0700
Processing by AnimalsController#index as HTML
  Rendering animals/index.html.erb within layouts/application
  [1m[36mAnimal Load (0.3ms)[0m  [1m[34mSELECT "animals".* FROM "animals"[0m
  Rendered animals/index.html.erb within layouts/application (8.2ms)
Completed 200 OK in 301ms (Views: 296.9ms | ActiveRecord: 0.7ms)


